{
  "stats": {
    "suites": 1,
    "tests": 10,
    "passes": 10,
    "pending": 0,
    "failures": 0,
    "start": "2021-12-15T14:04:23.995Z",
    "end": "2021-12-15T14:05:09.760Z",
    "duration": 45765,
    "testsRegistered": 10,
    "passPercent": 100,
    "pendingPercent": 0,
    "other": 0,
    "hasOther": false,
    "skipped": 0,
    "hasSkipped": false
  },
  "results": [
    {
      "uuid": "0e47da3f-e059-452a-8876-90330eea6ee0",
      "title": "",
      "fullFile": "cypress/integration/dashboard/properties.spec.js",
      "file": "cypress/integration/dashboard/properties.spec.js",
      "beforeHooks": [],
      "afterHooks": [],
      "tests": [],
      "suites": [
        {
          "uuid": "42be3734-b0cc-4b17-9fd8-296f098f3830",
          "title": "Add a property with a multiple rentable units",
          "fullFile": "",
          "file": "",
          "beforeHooks": [],
          "afterHooks": [],
          "tests": [
            {
              "title": "I click on Properties dropdown on the left-hand panel",
              "fullTitle": "Add a property with a multiple rentable units I click on Properties dropdown on the left-hand panel",
              "timedOut": null,
              "duration": 11573,
              "state": "passed",
              "speed": "slow",
              "pass": true,
              "fail": false,
              "pending": false,
              "context": null,
              "code": "cy.visit(Cypress.env('dashboard'));\ncy.get('li.alias-properties.dropdown[data-menu-alias=\"properties\"]').click();\ncy.get('span').contains('Properties').parent().click();\ncy.url().should('eq', Cypress.env('properties'));",
              "err": {},
              "uuid": "d7ce0324-789e-43bd-aa02-78307324de69",
              "parentUUID": "42be3734-b0cc-4b17-9fd8-296f098f3830",
              "isHook": false,
              "skipped": false
            },
            {
              "title": "I click on the Add property button",
              "fullTitle": "Add a property with a multiple rentable units I click on the Add property button",
              "timedOut": null,
              "duration": 2647,
              "state": "passed",
              "speed": "fast",
              "pass": true,
              "fail": false,
              "pending": false,
              "context": null,
              "code": "cy.get('a i.fa-plus').parent().click();",
              "err": {},
              "uuid": "336304e6-e0a4-442d-b2c2-691fe97fa6c0",
              "parentUUID": "42be3734-b0cc-4b17-9fd8-296f098f3830",
              "isHook": false,
              "skipped": false
            },
            {
              "title": "I select Property with a multiple rentable units option",
              "fullTitle": "Add a property with a multiple rentable units I select Property with a multiple rentable units option",
              "timedOut": null,
              "duration": 3256,
              "state": "passed",
              "speed": "fast",
              "pass": true,
              "fail": false,
              "pending": false,
              "context": null,
              "code": "cy.get('img[title=multiple-unit]').click();",
              "err": {},
              "uuid": "ed2dadf4-4991-47bd-b6a6-018800a0e62f",
              "parentUUID": "42be3734-b0cc-4b17-9fd8-296f098f3830",
              "isHook": false,
              "skipped": false
            },
            {
              "title": "I enter all the required fields in the input text boxes",
              "fullTitle": "Add a property with a multiple rentable units I enter all the required fields in the input text boxes",
              "timedOut": null,
              "duration": 4553,
              "state": "passed",
              "speed": "fast",
              "pass": true,
              "fail": false,
              "pending": false,
              "context": null,
              "code": "cy.inputData('#ProfileAddressName', 'TestB');\ncy.get('#s2id_PropertyOwnerId').click();\ncy.focused().then($el => {\n  cy.get($el[0]).type('Owner{enter}');\n});\ncy.inputData('#ProfileAddress1', '345');\ncy.inputData('#ProfileCity', 'Bangkok');\ncy.inputData('#ProfilePostcode', '10150');\ncy.inputData('#ProfileCounty', 'Silom');\ncy.get('#ProfileCountryId').select('Thailand');\ncy.get('select[data-populate-combine=\"Area.id,Area.name\"]').select('fag');\ncy.get('input#s2id_autogen8').click();\ncy.focused().then($el => {\n  cy.get($el[0]).type('EPC{enter}');\n});\ncy.get('#PropertyFullAccess').and('have.value', '1');\ncy.get('#PropertyUnitCount').clear();\ncy.inputData('#PropertyUnitCount', '2');\ncy.get('input.next-page.btn.btn-default').click({\n  force: true\n});",
              "err": {},
              "uuid": "c9f06833-ee82-42b0-b2a2-a1785c6cba5f",
              "parentUUID": "42be3734-b0cc-4b17-9fd8-296f098f3830",
              "isHook": false,
              "skipped": false
            },
            {
              "title": "I click on the “Next, Units Settings” button",
              "fullTitle": "Add a property with a multiple rentable units I click on the “Next, Units Settings” button",
              "timedOut": null,
              "duration": 2094,
              "state": "passed",
              "speed": "fast",
              "pass": true,
              "fail": false,
              "pending": false,
              "context": null,
              "code": "cy.get('input.next-page.btn.btn-default').click({\n  force: true\n});",
              "err": {},
              "uuid": "0eaa3777-e0ae-4d42-9100-bd1f413a7fd0",
              "parentUUID": "42be3734-b0cc-4b17-9fd8-296f098f3830",
              "isHook": false,
              "skipped": false
            },
            {
              "title": "I select all fields under Unit Settings section",
              "fullTitle": "Add a property with a multiple rentable units I select all fields under Unit Settings section",
              "timedOut": null,
              "duration": 3002,
              "state": "passed",
              "speed": "fast",
              "pass": true,
              "fail": false,
              "pending": false,
              "context": null,
              "code": "cy.get('select[data-populate-combine=\"UnitType.id,UnitType.name\"].widthEm10').select('Flat');\ncy.get('#s2id_PrefixUnitUnitManagerManagerPersonId').click();\ncy.focused().then($el => {\n  cy.get($el[0]).type('Cypress{enter}');\n});\ncy.get('#s2id_PrefixUnitUnitAgentEntityId').click();\ncy.focused().then($el => {\n  cy.get($el[0]).type('Real{enter}');\n});\ncy.get('#s2id_RequiredCertificateMultiUnitUnitRequiredCertificateTypeIds').click();\ncy.focused().then($el => {\n  cy.get($el[0]).type('EPC{enter}');\n});\ncy.get('#PrefixUnitUnitFullAccess').should('be.checked');\ncy.get('button.btn.apply-prefix').click({\n  force: true\n});",
              "err": {},
              "uuid": "5ce617c5-3555-491b-912c-c0b42bb96c90",
              "parentUUID": "42be3734-b0cc-4b17-9fd8-296f098f3830",
              "isHook": false,
              "skipped": false
            },
            {
              "title": "I click on Add Property button",
              "fullTitle": "Add a property with a multiple rentable units I click on Add Property button",
              "timedOut": null,
              "duration": 2091,
              "state": "passed",
              "speed": "fast",
              "pass": true,
              "fail": false,
              "pending": false,
              "context": null,
              "code": "cy.get('input[type=submit]').contains('Add Property').click();",
              "err": {},
              "uuid": "cdeda75f-3f4e-4013-9317-890b844a1a97",
              "parentUUID": "42be3734-b0cc-4b17-9fd8-296f098f3830",
              "isHook": false,
              "skipped": false
            },
            {
              "title": "I have successfully added a property with a multiple units",
              "fullTitle": "Add a property with a multiple rentable units I have successfully added a property with a multiple units",
              "timedOut": null,
              "duration": 3273,
              "state": "passed",
              "speed": "fast",
              "pass": true,
              "fail": false,
              "pending": false,
              "context": null,
              "code": "cy.waitUntil(() => cy.contains('h2', 'Multiple Units Added').should('be.visible'));",
              "err": {},
              "uuid": "07e23a16-16a7-4ca0-bb9d-198a4b2c7cf2",
              "parentUUID": "42be3734-b0cc-4b17-9fd8-296f098f3830",
              "isHook": false,
              "skipped": false
            },
            {
              "title": "I click  on Properties dropdown from the left-hand panel",
              "fullTitle": "Add a property with a multiple rentable units I click  on Properties dropdown from the left-hand panel",
              "timedOut": null,
              "duration": 2626,
              "state": "passed",
              "speed": "fast",
              "pass": true,
              "fail": false,
              "pending": false,
              "context": null,
              "code": "cy.get('li.alias-properties.dropdown[data-menu-alias=\"properties\"]').click();\ncy.contains('span', 'Properties').parent().click();",
              "err": {},
              "uuid": "7f38a0eb-fbbe-4edc-aba6-d901c19beaf6",
              "parentUUID": "42be3734-b0cc-4b17-9fd8-296f098f3830",
              "isHook": false,
              "skipped": false
            },
            {
              "title": " I validate that the property I have just created is visible on the property index page",
              "fullTitle": "Add a property with a multiple rentable units  I validate that the property I have just created is visible on the property index page",
              "timedOut": null,
              "duration": 6832,
              "state": "passed",
              "speed": "medium",
              "pass": true,
              "fail": false,
              "pending": false,
              "context": null,
              "code": "cy.inputData('input[type=\"search\"][data-model=\"Property\"]', 'TestB');\ncy.contains('input[type=\"submit\"]', 'Search').click();\ncy.waitUntil(() => cy.contains('.properties > tbody > tr > td.name > span a', 'TestB').should('be.visible'));\ncy.verifyDataShouldBeVisible(':nth-child(1) > .name > .table-info > a', 'TestB');\ncy.verifyDataShouldBeVisible(':nth-child(2) > td.property-type > .table-info > .property-type-container > .property-type > :nth-child(2)', 'Residential');\ncy.verifyDataShouldBeVisible(':nth-child(1) > td.property-description > .table-info > .property-description-container > .property-description > .multi', 'Multiple Units');\ncy.verifyDataShouldBeVisible(':nth-child(1) > .owner > .table-info > a', 'Owner 1 - Sansiri');\ncy.verifyDataShouldBeVisible(':nth-child(1) > .rentable-units > .table-info', '2/2');",
              "err": {},
              "uuid": "df86a534-3580-4197-a90b-b69b13307722",
              "parentUUID": "42be3734-b0cc-4b17-9fd8-296f098f3830",
              "isHook": false,
              "skipped": false
            }
          ],
          "suites": [],
          "passes": [
            "d7ce0324-789e-43bd-aa02-78307324de69",
            "336304e6-e0a4-442d-b2c2-691fe97fa6c0",
            "ed2dadf4-4991-47bd-b6a6-018800a0e62f",
            "c9f06833-ee82-42b0-b2a2-a1785c6cba5f",
            "0eaa3777-e0ae-4d42-9100-bd1f413a7fd0",
            "5ce617c5-3555-491b-912c-c0b42bb96c90",
            "cdeda75f-3f4e-4013-9317-890b844a1a97",
            "07e23a16-16a7-4ca0-bb9d-198a4b2c7cf2",
            "7f38a0eb-fbbe-4edc-aba6-d901c19beaf6",
            "df86a534-3580-4197-a90b-b69b13307722"
          ],
          "failures": [],
          "pending": [],
          "skipped": [],
          "duration": 41947,
          "root": false,
          "rootEmpty": false,
          "_timeout": 2000
        }
      ],
      "passes": [],
      "failures": [],
      "pending": [],
      "skipped": [],
      "duration": 0,
      "root": true,
      "rootEmpty": true,
      "_timeout": 2000
    }
  ],
  "meta": {
    "mocha": {
      "version": "7.0.1"
    },
    "mochawesome": {
      "options": {
        "quiet": false,
        "reportFilename": "mochawesome",
        "saveHtml": false,
        "saveJson": true,
        "consoleReporter": "spec",
        "useInlineDiffs": false,
        "code": true
      },
      "version": "7.0.1"
    },
    "marge": {
      "options": {
        "id": "default",
        "reportDir": "cypress/reports/mocha",
        "quite": true,
        "overwrite": false,
        "html": false,
        "json": true
      },
      "version": "6.0.1"
    }
  }
}