{
  "stats": {
    "suites": 1,
    "tests": 10,
    "passes": 10,
    "pending": 0,
    "failures": 0,
    "start": "2021-12-15T14:05:11.559Z",
    "end": "2021-12-15T14:06:00.559Z",
    "duration": 49000,
    "testsRegistered": 10,
    "passPercent": 100,
    "pendingPercent": 0,
    "other": 0,
    "hasOther": false,
    "skipped": 0,
    "hasSkipped": false
  },
  "results": [
    {
      "uuid": "0e6593e7-202a-4df5-a462-89283501f043",
      "title": "",
      "fullFile": "cypress/integration/dashboard/task.spec.js",
      "file": "cypress/integration/dashboard/task.spec.js",
      "beforeHooks": [],
      "afterHooks": [],
      "tests": [],
      "suites": [
        {
          "uuid": "188d0d57-7013-48a6-aa2b-a72a90d652a9",
          "title": "Add a task related to above property",
          "fullFile": "",
          "file": "",
          "beforeHooks": [],
          "afterHooks": [],
          "tests": [
            {
              "title": "I click on Tasks dropdownn from the left-hand panel",
              "fullTitle": "Add a task related to above property I click on Tasks dropdownn from the left-hand panel",
              "timedOut": null,
              "duration": 12727,
              "state": "passed",
              "speed": "slow",
              "pass": true,
              "fail": false,
              "pending": false,
              "context": null,
              "code": "cy.visit(Cypress.env('dashboard'));\ncy.get('li.alias-tasks.dropdown[data-menu-alias=\"tasks\"]').click();\ncy.contains('span', 'Tasks').parent().click();\ncy.url().should('eq', Cypress.env('task'));",
              "err": {},
              "uuid": "686e25b0-f980-4f88-84d8-61784c960540",
              "parentUUID": "188d0d57-7013-48a6-aa2b-a72a90d652a9",
              "isHook": false,
              "skipped": false
            },
            {
              "title": "I click on Add Task button",
              "fullTitle": "Add a task related to above property I click on Add Task button",
              "timedOut": null,
              "duration": 3467,
              "state": "passed",
              "speed": "fast",
              "pass": true,
              "fail": false,
              "pending": false,
              "context": null,
              "code": "cy.get('.detail > .actions > :nth-child(1) > :nth-child(1) > .btn').click();",
              "err": {},
              "uuid": "840df20f-d0df-46de-bc8f-69153c0a5359",
              "parentUUID": "188d0d57-7013-48a6-aa2b-a72a90d652a9",
              "isHook": false,
              "skipped": false
            },
            {
              "title": " I relate this task to the property I created",
              "fullTitle": "Add a task related to above property  I relate this task to the property I created",
              "timedOut": null,
              "duration": 3386,
              "state": "passed",
              "speed": "fast",
              "pass": true,
              "fail": false,
              "pending": false,
              "context": null,
              "code": "cy.get('#s2id_TaskRelatedLookupId').click();\ncy.focused().then($el => {\n  cy.get($el[0]).type('TestB');\n  cy.waitUntil(() => cy.get('li.select2-results-dept-0').should('be.visible'));\n  cy.get($el[0]).type('{enter}');\n});",
              "err": {},
              "uuid": "5976d621-4e00-4bca-91a5-d22e74ef04ff",
              "parentUUID": "188d0d57-7013-48a6-aa2b-a72a90d652a9",
              "isHook": false,
              "skipped": false
            },
            {
              "title": "I enter all the required fields",
              "fullTitle": "Add a task related to above property I enter all the required fields",
              "timedOut": null,
              "duration": 3390,
              "state": "passed",
              "speed": "fast",
              "pass": true,
              "fail": false,
              "pending": false,
              "context": null,
              "code": "cy.inputData('#TaskDescription', '1 test');\ncy.inputData('.hasDatepicker', '12/12/2021');\ncy.inputData('#TaskTimeDue', '21.00');\ncy.get('#s2id_TaskAssigneePersonId').click();\ncy.focused().then($el => {\n  cy.get($el[0]).type('Cypress{enter}');\n});\ncy.get('select[data-populate-combine=\"TaskType.id,TaskType.name\"]').select('Inventory');\ncy.get('#EventActionTask2094618').check();",
              "err": {},
              "uuid": "cf81eb83-37bb-438e-983e-4e53021c32b8",
              "parentUUID": "188d0d57-7013-48a6-aa2b-a72a90d652a9",
              "isHook": false,
              "skipped": false
            },
            {
              "title": "I click on Save Task button",
              "fullTitle": "Add a task related to above property I click on Save Task button",
              "timedOut": null,
              "duration": 1972,
              "state": "passed",
              "speed": "fast",
              "pass": true,
              "fail": false,
              "pending": false,
              "context": null,
              "code": "cy.contains('input[type=\"submit\"]', 'Save Task').click();",
              "err": {},
              "uuid": "28e4727d-0e4a-4d0b-a8ac-3121f9543664",
              "parentUUID": "188d0d57-7013-48a6-aa2b-a72a90d652a9",
              "isHook": false,
              "skipped": false
            },
            {
              "title": "I am redirected to the task view page of the newly created task",
              "fullTitle": "Add a task related to above property I am redirected to the task view page of the newly created task",
              "timedOut": null,
              "duration": 4092,
              "state": "passed",
              "speed": "fast",
              "pass": true,
              "fail": false,
              "pending": false,
              "context": null,
              "code": "cy.verifyDataShouldBeVisible('h3', 'Task Description');\ncy.verifyDataShouldBeVisible('h3', 'Task Details');",
              "err": {},
              "uuid": "e743bc3b-a5d7-488a-8a43-9b2f64e947fe",
              "parentUUID": "188d0d57-7013-48a6-aa2b-a72a90d652a9",
              "isHook": false,
              "skipped": false
            },
            {
              "title": "I validate that a task record related to the property (from scenario 2) has been successfully created",
              "fullTitle": "Add a task related to above property I validate that a task record related to the property (from scenario 2) has been successfully created",
              "timedOut": null,
              "duration": 1839,
              "state": "passed",
              "speed": "fast",
              "pass": true,
              "fail": false,
              "pending": false,
              "context": null,
              "code": "cy.verifyDataShouldBeVisible('div.identifier .sub-title', 'TestB, 345, Bangkok, Silom, 10150');\ncy.verifyDataShouldBeVisible('.summary-data-container span', 'Multiple Units');\ncy.verifyDataShouldBeVisible('.summary-data-container a[data-popup-model-alias=\"Entity\"]', 'Owner 1 - Sansiri');\ncy.verifyDataShouldBeVisible('.summary-data-container span', '2');\ncy.verifyDataShouldBeVisible('.summary-data-container a[data-popup-model-alias=\"Person\"]', 'Cypress Tester 1');",
              "err": {},
              "uuid": "84d9ad89-0687-4094-8689-d5704672f257",
              "parentUUID": "188d0d57-7013-48a6-aa2b-a72a90d652a9",
              "isHook": false,
              "skipped": false
            },
            {
              "title": "I click on Task dropdown from the left-hand panel",
              "fullTitle": "Add a task related to above property I click on Task dropdown from the left-hand panel",
              "timedOut": null,
              "duration": 2172,
              "state": "passed",
              "speed": "fast",
              "pass": true,
              "fail": false,
              "pending": false,
              "context": null,
              "code": "cy.get('li.alias-tasks.dropdown[data-menu-alias=\"tasks\"]').click();\ncy.contains('span', 'Tasks').parent().click();\ncy.url().should('eq', Cypress.env('task'));",
              "err": {},
              "uuid": "d8744281-a6ac-4c49-b101-0475f440afd0",
              "parentUUID": "188d0d57-7013-48a6-aa2b-a72a90d652a9",
              "isHook": false,
              "skipped": false
            },
            {
              "title": "I validate that the task I have just created is visible on the task index page",
              "fullTitle": "Add a task related to above property I validate that the task I have just created is visible on the task index page",
              "timedOut": null,
              "duration": 3959,
              "state": "passed",
              "speed": "fast",
              "pass": true,
              "fail": false,
              "pending": false,
              "context": null,
              "code": "cy.verifyDataShouldBeVisible('div.table-container table.tasks tbody tr:nth-child(1) .name .description-details', '1 test');\ncy.verifyDataShouldBeVisible('div.table-container table.tasks tbody tr:nth-child(1)  .name div.unimportant.size12 a', 'TestB, 345, Bangkok, Silom, 10150');\ncy.verifyDataShouldBeVisible('div.table-container table.tasks tbody tr:nth-child(1)  .created span a div', 'Cypress Tester 1');",
              "err": {},
              "uuid": "25a3c79a-47af-4a7d-9e28-6890165e4c10",
              "parentUUID": "188d0d57-7013-48a6-aa2b-a72a90d652a9",
              "isHook": false,
              "skipped": false
            },
            {
              "title": "I validate that a task I have just created is visible on Dashboard Notifications section",
              "fullTitle": "Add a task related to above property I validate that a task I have just created is visible on Dashboard Notifications section",
              "timedOut": null,
              "duration": 6662,
              "state": "passed",
              "speed": "medium",
              "pass": true,
              "fail": false,
              "pending": false,
              "context": null,
              "code": "cy.get('a[title=\"Dashboard\"]').click();\ncy.url().should('eq', Cypress.env('dashboard'));\ncy.waitUntil(() => cy.get('div.page.notifications.notifications.index').should('be.visible'));\ncy.get('div.page.notifications.notifications.index > div:nth-child(2) a:nth-child(1)').click();\ncy.verifyDataShouldBeVisible('div.identifier .sub-title', 'TestB, 345, Bangkok, Silom, 10150');\ncy.verifyDataShouldBeVisible('.summary-data-container span', 'Multiple Units').should('be.visible');\ncy.verifyDataShouldBeVisible('.summary-data-container a[data-popup-model-alias=\"Entity\"]', 'Owner 1 - Sansiri');\ncy.verifyDataShouldBeVisible('.summary-data-container span', '2');\ncy.verifyDataShouldBeVisible('.summary-data-container a[data-popup-model-alias=\"Person\"]', 'Cypress Tester 1');",
              "err": {},
              "uuid": "14427d1e-1967-457f-90d1-698aeee371e4",
              "parentUUID": "188d0d57-7013-48a6-aa2b-a72a90d652a9",
              "isHook": false,
              "skipped": false
            }
          ],
          "suites": [],
          "passes": [
            "686e25b0-f980-4f88-84d8-61784c960540",
            "840df20f-d0df-46de-bc8f-69153c0a5359",
            "5976d621-4e00-4bca-91a5-d22e74ef04ff",
            "cf81eb83-37bb-438e-983e-4e53021c32b8",
            "28e4727d-0e4a-4d0b-a8ac-3121f9543664",
            "e743bc3b-a5d7-488a-8a43-9b2f64e947fe",
            "84d9ad89-0687-4094-8689-d5704672f257",
            "d8744281-a6ac-4c49-b101-0475f440afd0",
            "25a3c79a-47af-4a7d-9e28-6890165e4c10",
            "14427d1e-1967-457f-90d1-698aeee371e4"
          ],
          "failures": [],
          "pending": [],
          "skipped": [],
          "duration": 43666,
          "root": false,
          "rootEmpty": false,
          "_timeout": 2000
        }
      ],
      "passes": [],
      "failures": [],
      "pending": [],
      "skipped": [],
      "duration": 0,
      "root": true,
      "rootEmpty": true,
      "_timeout": 2000
    }
  ],
  "meta": {
    "mocha": {
      "version": "7.0.1"
    },
    "mochawesome": {
      "options": {
        "quiet": false,
        "reportFilename": "mochawesome",
        "saveHtml": false,
        "saveJson": true,
        "consoleReporter": "spec",
        "useInlineDiffs": false,
        "code": true
      },
      "version": "7.0.1"
    },
    "marge": {
      "options": {
        "id": "default",
        "reportDir": "cypress/reports/mocha",
        "quite": true,
        "overwrite": false,
        "html": false,
        "json": true
      },
      "version": "6.0.1"
    }
  }
}