{
  "stats": {
    "suites": 3,
    "tests": 24,
    "passes": 24,
    "pending": 0,
    "failures": 0,
    "start": "2021-12-15T14:04:05.233Z",
    "end": "2021-12-15T14:06:00.559Z",
    "duration": 99851,
    "testsRegistered": 24,
    "passPercent": 100,
    "pendingPercent": 0,
    "other": 0,
    "hasOther": false,
    "skipped": 0,
    "hasSkipped": false
  },
  "results": [
    {
      "uuid": "0e47da3f-e059-452a-8876-90330eea6ee0",
      "title": "",
      "fullFile": "cypress/integration/dashboard/properties.spec.js",
      "file": "cypress/integration/dashboard/properties.spec.js",
      "beforeHooks": [],
      "afterHooks": [],
      "tests": [],
      "suites": [
        {
          "uuid": "42be3734-b0cc-4b17-9fd8-296f098f3830",
          "title": "Add a property with a multiple rentable units",
          "fullFile": "",
          "file": "",
          "beforeHooks": [],
          "afterHooks": [],
          "tests": [
            {
              "title": "I click on Properties dropdown on the left-hand panel",
              "fullTitle": "Add a property with a multiple rentable units I click on Properties dropdown on the left-hand panel",
              "timedOut": null,
              "duration": 11573,
              "state": "passed",
              "speed": "slow",
              "pass": true,
              "fail": false,
              "pending": false,
              "context": null,
              "code": "cy.visit(Cypress.env('dashboard'));\ncy.get('li.alias-properties.dropdown[data-menu-alias=\"properties\"]').click();\ncy.get('span').contains('Properties').parent().click();\ncy.url().should('eq', Cypress.env('properties'));",
              "err": {},
              "uuid": "d7ce0324-789e-43bd-aa02-78307324de69",
              "parentUUID": "42be3734-b0cc-4b17-9fd8-296f098f3830",
              "isHook": false,
              "skipped": false
            },
            {
              "title": "I click on the Add property button",
              "fullTitle": "Add a property with a multiple rentable units I click on the Add property button",
              "timedOut": null,
              "duration": 2647,
              "state": "passed",
              "speed": "fast",
              "pass": true,
              "fail": false,
              "pending": false,
              "context": null,
              "code": "cy.get('a i.fa-plus').parent().click();",
              "err": {},
              "uuid": "336304e6-e0a4-442d-b2c2-691fe97fa6c0",
              "parentUUID": "42be3734-b0cc-4b17-9fd8-296f098f3830",
              "isHook": false,
              "skipped": false
            },
            {
              "title": "I select Property with a multiple rentable units option",
              "fullTitle": "Add a property with a multiple rentable units I select Property with a multiple rentable units option",
              "timedOut": null,
              "duration": 3256,
              "state": "passed",
              "speed": "fast",
              "pass": true,
              "fail": false,
              "pending": false,
              "context": null,
              "code": "cy.get('img[title=multiple-unit]').click();",
              "err": {},
              "uuid": "ed2dadf4-4991-47bd-b6a6-018800a0e62f",
              "parentUUID": "42be3734-b0cc-4b17-9fd8-296f098f3830",
              "isHook": false,
              "skipped": false
            },
            {
              "title": "I enter all the required fields in the input text boxes",
              "fullTitle": "Add a property with a multiple rentable units I enter all the required fields in the input text boxes",
              "timedOut": null,
              "duration": 4553,
              "state": "passed",
              "speed": "fast",
              "pass": true,
              "fail": false,
              "pending": false,
              "context": null,
              "code": "cy.inputData('#ProfileAddressName', 'TestB');\ncy.get('#s2id_PropertyOwnerId').click();\ncy.focused().then($el => {\n  cy.get($el[0]).type('Owner{enter}');\n});\ncy.inputData('#ProfileAddress1', '345');\ncy.inputData('#ProfileCity', 'Bangkok');\ncy.inputData('#ProfilePostcode', '10150');\ncy.inputData('#ProfileCounty', 'Silom');\ncy.get('#ProfileCountryId').select('Thailand');\ncy.get('select[data-populate-combine=\"Area.id,Area.name\"]').select('fag');\ncy.get('input#s2id_autogen8').click();\ncy.focused().then($el => {\n  cy.get($el[0]).type('EPC{enter}');\n});\ncy.get('#PropertyFullAccess').and('have.value', '1');\ncy.get('#PropertyUnitCount').clear();\ncy.inputData('#PropertyUnitCount', '2');\ncy.get('input.next-page.btn.btn-default').click({\n  force: true\n});",
              "err": {},
              "uuid": "c9f06833-ee82-42b0-b2a2-a1785c6cba5f",
              "parentUUID": "42be3734-b0cc-4b17-9fd8-296f098f3830",
              "isHook": false,
              "skipped": false
            },
            {
              "title": "I click on the “Next, Units Settings” button",
              "fullTitle": "Add a property with a multiple rentable units I click on the “Next, Units Settings” button",
              "timedOut": null,
              "duration": 2094,
              "state": "passed",
              "speed": "fast",
              "pass": true,
              "fail": false,
              "pending": false,
              "context": null,
              "code": "cy.get('input.next-page.btn.btn-default').click({\n  force: true\n});",
              "err": {},
              "uuid": "0eaa3777-e0ae-4d42-9100-bd1f413a7fd0",
              "parentUUID": "42be3734-b0cc-4b17-9fd8-296f098f3830",
              "isHook": false,
              "skipped": false
            },
            {
              "title": "I select all fields under Unit Settings section",
              "fullTitle": "Add a property with a multiple rentable units I select all fields under Unit Settings section",
              "timedOut": null,
              "duration": 3002,
              "state": "passed",
              "speed": "fast",
              "pass": true,
              "fail": false,
              "pending": false,
              "context": null,
              "code": "cy.get('select[data-populate-combine=\"UnitType.id,UnitType.name\"].widthEm10').select('Flat');\ncy.get('#s2id_PrefixUnitUnitManagerManagerPersonId').click();\ncy.focused().then($el => {\n  cy.get($el[0]).type('Cypress{enter}');\n});\ncy.get('#s2id_PrefixUnitUnitAgentEntityId').click();\ncy.focused().then($el => {\n  cy.get($el[0]).type('Real{enter}');\n});\ncy.get('#s2id_RequiredCertificateMultiUnitUnitRequiredCertificateTypeIds').click();\ncy.focused().then($el => {\n  cy.get($el[0]).type('EPC{enter}');\n});\ncy.get('#PrefixUnitUnitFullAccess').should('be.checked');\ncy.get('button.btn.apply-prefix').click({\n  force: true\n});",
              "err": {},
              "uuid": "5ce617c5-3555-491b-912c-c0b42bb96c90",
              "parentUUID": "42be3734-b0cc-4b17-9fd8-296f098f3830",
              "isHook": false,
              "skipped": false
            },
            {
              "title": "I click on Add Property button",
              "fullTitle": "Add a property with a multiple rentable units I click on Add Property button",
              "timedOut": null,
              "duration": 2091,
              "state": "passed",
              "speed": "fast",
              "pass": true,
              "fail": false,
              "pending": false,
              "context": null,
              "code": "cy.get('input[type=submit]').contains('Add Property').click();",
              "err": {},
              "uuid": "cdeda75f-3f4e-4013-9317-890b844a1a97",
              "parentUUID": "42be3734-b0cc-4b17-9fd8-296f098f3830",
              "isHook": false,
              "skipped": false
            },
            {
              "title": "I have successfully added a property with a multiple units",
              "fullTitle": "Add a property with a multiple rentable units I have successfully added a property with a multiple units",
              "timedOut": null,
              "duration": 3273,
              "state": "passed",
              "speed": "fast",
              "pass": true,
              "fail": false,
              "pending": false,
              "context": null,
              "code": "cy.waitUntil(() => cy.contains('h2', 'Multiple Units Added').should('be.visible'));",
              "err": {},
              "uuid": "07e23a16-16a7-4ca0-bb9d-198a4b2c7cf2",
              "parentUUID": "42be3734-b0cc-4b17-9fd8-296f098f3830",
              "isHook": false,
              "skipped": false
            },
            {
              "title": "I click  on Properties dropdown from the left-hand panel",
              "fullTitle": "Add a property with a multiple rentable units I click  on Properties dropdown from the left-hand panel",
              "timedOut": null,
              "duration": 2626,
              "state": "passed",
              "speed": "fast",
              "pass": true,
              "fail": false,
              "pending": false,
              "context": null,
              "code": "cy.get('li.alias-properties.dropdown[data-menu-alias=\"properties\"]').click();\ncy.contains('span', 'Properties').parent().click();",
              "err": {},
              "uuid": "7f38a0eb-fbbe-4edc-aba6-d901c19beaf6",
              "parentUUID": "42be3734-b0cc-4b17-9fd8-296f098f3830",
              "isHook": false,
              "skipped": false
            },
            {
              "title": " I validate that the property I have just created is visible on the property index page",
              "fullTitle": "Add a property with a multiple rentable units  I validate that the property I have just created is visible on the property index page",
              "timedOut": null,
              "duration": 6832,
              "state": "passed",
              "speed": "medium",
              "pass": true,
              "fail": false,
              "pending": false,
              "context": null,
              "code": "cy.inputData('input[type=\"search\"][data-model=\"Property\"]', 'TestB');\ncy.contains('input[type=\"submit\"]', 'Search').click();\ncy.waitUntil(() => cy.contains('.properties > tbody > tr > td.name > span a', 'TestB').should('be.visible'));\ncy.verifyDataShouldBeVisible(':nth-child(1) > .name > .table-info > a', 'TestB');\ncy.verifyDataShouldBeVisible(':nth-child(2) > td.property-type > .table-info > .property-type-container > .property-type > :nth-child(2)', 'Residential');\ncy.verifyDataShouldBeVisible(':nth-child(1) > td.property-description > .table-info > .property-description-container > .property-description > .multi', 'Multiple Units');\ncy.verifyDataShouldBeVisible(':nth-child(1) > .owner > .table-info > a', 'Owner 1 - Sansiri');\ncy.verifyDataShouldBeVisible(':nth-child(1) > .rentable-units > .table-info', '2/2');",
              "err": {},
              "uuid": "df86a534-3580-4197-a90b-b69b13307722",
              "parentUUID": "42be3734-b0cc-4b17-9fd8-296f098f3830",
              "isHook": false,
              "skipped": false
            }
          ],
          "suites": [],
          "passes": [
            "d7ce0324-789e-43bd-aa02-78307324de69",
            "336304e6-e0a4-442d-b2c2-691fe97fa6c0",
            "ed2dadf4-4991-47bd-b6a6-018800a0e62f",
            "c9f06833-ee82-42b0-b2a2-a1785c6cba5f",
            "0eaa3777-e0ae-4d42-9100-bd1f413a7fd0",
            "5ce617c5-3555-491b-912c-c0b42bb96c90",
            "cdeda75f-3f4e-4013-9317-890b844a1a97",
            "07e23a16-16a7-4ca0-bb9d-198a4b2c7cf2",
            "7f38a0eb-fbbe-4edc-aba6-d901c19beaf6",
            "df86a534-3580-4197-a90b-b69b13307722"
          ],
          "failures": [],
          "pending": [],
          "skipped": [],
          "duration": 41947,
          "root": false,
          "rootEmpty": false,
          "_timeout": 2000
        }
      ],
      "passes": [],
      "failures": [],
      "pending": [],
      "skipped": [],
      "duration": 0,
      "root": true,
      "rootEmpty": true,
      "_timeout": 2000
    },
    {
      "uuid": "0e6593e7-202a-4df5-a462-89283501f043",
      "title": "",
      "fullFile": "cypress/integration/dashboard/task.spec.js",
      "file": "cypress/integration/dashboard/task.spec.js",
      "beforeHooks": [],
      "afterHooks": [],
      "tests": [],
      "suites": [
        {
          "uuid": "188d0d57-7013-48a6-aa2b-a72a90d652a9",
          "title": "Add a task related to above property",
          "fullFile": "",
          "file": "",
          "beforeHooks": [],
          "afterHooks": [],
          "tests": [
            {
              "title": "I click on Tasks dropdownn from the left-hand panel",
              "fullTitle": "Add a task related to above property I click on Tasks dropdownn from the left-hand panel",
              "timedOut": null,
              "duration": 12727,
              "state": "passed",
              "speed": "slow",
              "pass": true,
              "fail": false,
              "pending": false,
              "context": null,
              "code": "cy.visit(Cypress.env('dashboard'));\ncy.get('li.alias-tasks.dropdown[data-menu-alias=\"tasks\"]').click();\ncy.contains('span', 'Tasks').parent().click();\ncy.url().should('eq', Cypress.env('task'));",
              "err": {},
              "uuid": "686e25b0-f980-4f88-84d8-61784c960540",
              "parentUUID": "188d0d57-7013-48a6-aa2b-a72a90d652a9",
              "isHook": false,
              "skipped": false
            },
            {
              "title": "I click on Add Task button",
              "fullTitle": "Add a task related to above property I click on Add Task button",
              "timedOut": null,
              "duration": 3467,
              "state": "passed",
              "speed": "fast",
              "pass": true,
              "fail": false,
              "pending": false,
              "context": null,
              "code": "cy.get('.detail > .actions > :nth-child(1) > :nth-child(1) > .btn').click();",
              "err": {},
              "uuid": "840df20f-d0df-46de-bc8f-69153c0a5359",
              "parentUUID": "188d0d57-7013-48a6-aa2b-a72a90d652a9",
              "isHook": false,
              "skipped": false
            },
            {
              "title": " I relate this task to the property I created",
              "fullTitle": "Add a task related to above property  I relate this task to the property I created",
              "timedOut": null,
              "duration": 3386,
              "state": "passed",
              "speed": "fast",
              "pass": true,
              "fail": false,
              "pending": false,
              "context": null,
              "code": "cy.get('#s2id_TaskRelatedLookupId').click();\ncy.focused().then($el => {\n  cy.get($el[0]).type('TestB');\n  cy.waitUntil(() => cy.get('li.select2-results-dept-0').should('be.visible'));\n  cy.get($el[0]).type('{enter}');\n});",
              "err": {},
              "uuid": "5976d621-4e00-4bca-91a5-d22e74ef04ff",
              "parentUUID": "188d0d57-7013-48a6-aa2b-a72a90d652a9",
              "isHook": false,
              "skipped": false
            },
            {
              "title": "I enter all the required fields",
              "fullTitle": "Add a task related to above property I enter all the required fields",
              "timedOut": null,
              "duration": 3390,
              "state": "passed",
              "speed": "fast",
              "pass": true,
              "fail": false,
              "pending": false,
              "context": null,
              "code": "cy.inputData('#TaskDescription', '1 test');\ncy.inputData('.hasDatepicker', '12/12/2021');\ncy.inputData('#TaskTimeDue', '21.00');\ncy.get('#s2id_TaskAssigneePersonId').click();\ncy.focused().then($el => {\n  cy.get($el[0]).type('Cypress{enter}');\n});\ncy.get('select[data-populate-combine=\"TaskType.id,TaskType.name\"]').select('Inventory');\ncy.get('#EventActionTask2094618').check();",
              "err": {},
              "uuid": "cf81eb83-37bb-438e-983e-4e53021c32b8",
              "parentUUID": "188d0d57-7013-48a6-aa2b-a72a90d652a9",
              "isHook": false,
              "skipped": false
            },
            {
              "title": "I click on Save Task button",
              "fullTitle": "Add a task related to above property I click on Save Task button",
              "timedOut": null,
              "duration": 1972,
              "state": "passed",
              "speed": "fast",
              "pass": true,
              "fail": false,
              "pending": false,
              "context": null,
              "code": "cy.contains('input[type=\"submit\"]', 'Save Task').click();",
              "err": {},
              "uuid": "28e4727d-0e4a-4d0b-a8ac-3121f9543664",
              "parentUUID": "188d0d57-7013-48a6-aa2b-a72a90d652a9",
              "isHook": false,
              "skipped": false
            },
            {
              "title": "I am redirected to the task view page of the newly created task",
              "fullTitle": "Add a task related to above property I am redirected to the task view page of the newly created task",
              "timedOut": null,
              "duration": 4092,
              "state": "passed",
              "speed": "fast",
              "pass": true,
              "fail": false,
              "pending": false,
              "context": null,
              "code": "cy.verifyDataShouldBeVisible('h3', 'Task Description');\ncy.verifyDataShouldBeVisible('h3', 'Task Details');",
              "err": {},
              "uuid": "e743bc3b-a5d7-488a-8a43-9b2f64e947fe",
              "parentUUID": "188d0d57-7013-48a6-aa2b-a72a90d652a9",
              "isHook": false,
              "skipped": false
            },
            {
              "title": "I validate that a task record related to the property (from scenario 2) has been successfully created",
              "fullTitle": "Add a task related to above property I validate that a task record related to the property (from scenario 2) has been successfully created",
              "timedOut": null,
              "duration": 1839,
              "state": "passed",
              "speed": "fast",
              "pass": true,
              "fail": false,
              "pending": false,
              "context": null,
              "code": "cy.verifyDataShouldBeVisible('div.identifier .sub-title', 'TestB, 345, Bangkok, Silom, 10150');\ncy.verifyDataShouldBeVisible('.summary-data-container span', 'Multiple Units');\ncy.verifyDataShouldBeVisible('.summary-data-container a[data-popup-model-alias=\"Entity\"]', 'Owner 1 - Sansiri');\ncy.verifyDataShouldBeVisible('.summary-data-container span', '2');\ncy.verifyDataShouldBeVisible('.summary-data-container a[data-popup-model-alias=\"Person\"]', 'Cypress Tester 1');",
              "err": {},
              "uuid": "84d9ad89-0687-4094-8689-d5704672f257",
              "parentUUID": "188d0d57-7013-48a6-aa2b-a72a90d652a9",
              "isHook": false,
              "skipped": false
            },
            {
              "title": "I click on Task dropdown from the left-hand panel",
              "fullTitle": "Add a task related to above property I click on Task dropdown from the left-hand panel",
              "timedOut": null,
              "duration": 2172,
              "state": "passed",
              "speed": "fast",
              "pass": true,
              "fail": false,
              "pending": false,
              "context": null,
              "code": "cy.get('li.alias-tasks.dropdown[data-menu-alias=\"tasks\"]').click();\ncy.contains('span', 'Tasks').parent().click();\ncy.url().should('eq', Cypress.env('task'));",
              "err": {},
              "uuid": "d8744281-a6ac-4c49-b101-0475f440afd0",
              "parentUUID": "188d0d57-7013-48a6-aa2b-a72a90d652a9",
              "isHook": false,
              "skipped": false
            },
            {
              "title": "I validate that the task I have just created is visible on the task index page",
              "fullTitle": "Add a task related to above property I validate that the task I have just created is visible on the task index page",
              "timedOut": null,
              "duration": 3959,
              "state": "passed",
              "speed": "fast",
              "pass": true,
              "fail": false,
              "pending": false,
              "context": null,
              "code": "cy.verifyDataShouldBeVisible('div.table-container table.tasks tbody tr:nth-child(1) .name .description-details', '1 test');\ncy.verifyDataShouldBeVisible('div.table-container table.tasks tbody tr:nth-child(1)  .name div.unimportant.size12 a', 'TestB, 345, Bangkok, Silom, 10150');\ncy.verifyDataShouldBeVisible('div.table-container table.tasks tbody tr:nth-child(1)  .created span a div', 'Cypress Tester 1');",
              "err": {},
              "uuid": "25a3c79a-47af-4a7d-9e28-6890165e4c10",
              "parentUUID": "188d0d57-7013-48a6-aa2b-a72a90d652a9",
              "isHook": false,
              "skipped": false
            },
            {
              "title": "I validate that a task I have just created is visible on Dashboard Notifications section",
              "fullTitle": "Add a task related to above property I validate that a task I have just created is visible on Dashboard Notifications section",
              "timedOut": null,
              "duration": 6662,
              "state": "passed",
              "speed": "medium",
              "pass": true,
              "fail": false,
              "pending": false,
              "context": null,
              "code": "cy.get('a[title=\"Dashboard\"]').click();\ncy.url().should('eq', Cypress.env('dashboard'));\ncy.waitUntil(() => cy.get('div.page.notifications.notifications.index').should('be.visible'));\ncy.get('div.page.notifications.notifications.index > div:nth-child(2) a:nth-child(1)').click();\ncy.verifyDataShouldBeVisible('div.identifier .sub-title', 'TestB, 345, Bangkok, Silom, 10150');\ncy.verifyDataShouldBeVisible('.summary-data-container span', 'Multiple Units').should('be.visible');\ncy.verifyDataShouldBeVisible('.summary-data-container a[data-popup-model-alias=\"Entity\"]', 'Owner 1 - Sansiri');\ncy.verifyDataShouldBeVisible('.summary-data-container span', '2');\ncy.verifyDataShouldBeVisible('.summary-data-container a[data-popup-model-alias=\"Person\"]', 'Cypress Tester 1');",
              "err": {},
              "uuid": "14427d1e-1967-457f-90d1-698aeee371e4",
              "parentUUID": "188d0d57-7013-48a6-aa2b-a72a90d652a9",
              "isHook": false,
              "skipped": false
            }
          ],
          "suites": [],
          "passes": [
            "686e25b0-f980-4f88-84d8-61784c960540",
            "840df20f-d0df-46de-bc8f-69153c0a5359",
            "5976d621-4e00-4bca-91a5-d22e74ef04ff",
            "cf81eb83-37bb-438e-983e-4e53021c32b8",
            "28e4727d-0e4a-4d0b-a8ac-3121f9543664",
            "e743bc3b-a5d7-488a-8a43-9b2f64e947fe",
            "84d9ad89-0687-4094-8689-d5704672f257",
            "d8744281-a6ac-4c49-b101-0475f440afd0",
            "25a3c79a-47af-4a7d-9e28-6890165e4c10",
            "14427d1e-1967-457f-90d1-698aeee371e4"
          ],
          "failures": [],
          "pending": [],
          "skipped": [],
          "duration": 43666,
          "root": false,
          "rootEmpty": false,
          "_timeout": 2000
        }
      ],
      "passes": [],
      "failures": [],
      "pending": [],
      "skipped": [],
      "duration": 0,
      "root": true,
      "rootEmpty": true,
      "_timeout": 2000
    },
    {
      "uuid": "3828be76-bbcd-492d-a5d8-84af4dd630ea",
      "title": "",
      "fullFile": "cypress/integration/authen/login.spec.js",
      "file": "cypress/integration/authen/login.spec.js",
      "beforeHooks": [],
      "afterHooks": [],
      "tests": [],
      "suites": [
        {
          "uuid": "8d48b884-8d28-471d-a0f5-a711a087b29b",
          "title": "Login to system",
          "fullFile": "",
          "file": "",
          "beforeHooks": [],
          "afterHooks": [],
          "tests": [
            {
              "title": "I procees to the AUT's login page",
              "fullTitle": "Login to system I procees to the AUT's login page",
              "timedOut": null,
              "duration": 3850,
              "state": "passed",
              "speed": "fast",
              "pass": true,
              "fail": false,
              "pending": false,
              "context": null,
              "code": "cy.visit(Cypress.env('BaseUrl'));",
              "err": {},
              "uuid": "7ccf28c6-2a4c-476f-af69-a706dbd901c4",
              "parentUUID": "8d48b884-8d28-471d-a0f5-a711a087b29b",
              "isHook": false,
              "skipped": false
            },
            {
              "title": "I enter username and password",
              "fullTitle": "Login to system I enter username and password",
              "timedOut": null,
              "duration": 920,
              "state": "passed",
              "speed": "fast",
              "pass": true,
              "fail": false,
              "pending": false,
              "context": null,
              "code": "cy.inputData('input[name=\"data[User][email]\"]', Cypress.env('username'));\ncy.inputData('input[name=\"data[User][password]\"]', Cypress.env('password'));",
              "err": {},
              "uuid": "f7ead762-6ea2-4d74-bc40-258529cd16f2",
              "parentUUID": "8d48b884-8d28-471d-a0f5-a711a087b29b",
              "isHook": false,
              "skipped": false
            },
            {
              "title": "I click on the login button",
              "fullTitle": "Login to system I click on the login button",
              "timedOut": null,
              "duration": 9394,
              "state": "passed",
              "speed": "medium",
              "pass": true,
              "fail": false,
              "pending": false,
              "context": null,
              "code": "cy.get('input[type=submit]').click();",
              "err": {},
              "uuid": "9e1ffa69-69db-4b0c-879e-69f49733ff9b",
              "parentUUID": "8d48b884-8d28-471d-a0f5-a711a087b29b",
              "isHook": false,
              "skipped": false
            },
            {
              "title": "I will be able to login to the AUT",
              "fullTitle": "Login to system I will be able to login to the AUT",
              "timedOut": null,
              "duration": 74,
              "state": "passed",
              "speed": "fast",
              "pass": true,
              "fail": false,
              "pending": false,
              "context": null,
              "code": "cy.url().should('eq', Cypress.env('dashboard'));",
              "err": {},
              "uuid": "0a5ffc8a-e9c1-4565-87cb-12da717c8f42",
              "parentUUID": "8d48b884-8d28-471d-a0f5-a711a087b29b",
              "isHook": false,
              "skipped": false
            }
          ],
          "suites": [],
          "passes": [
            "7ccf28c6-2a4c-476f-af69-a706dbd901c4",
            "f7ead762-6ea2-4d74-bc40-258529cd16f2",
            "9e1ffa69-69db-4b0c-879e-69f49733ff9b",
            "0a5ffc8a-e9c1-4565-87cb-12da717c8f42"
          ],
          "failures": [],
          "pending": [],
          "skipped": [],
          "duration": 14238,
          "root": false,
          "rootEmpty": false,
          "_timeout": 2000
        }
      ],
      "passes": [],
      "failures": [],
      "pending": [],
      "skipped": [],
      "duration": 0,
      "root": true,
      "rootEmpty": true,
      "_timeout": 2000
    }
  ],
  "meta": {
    "mocha": {
      "version": "7.0.1"
    },
    "mochawesome": {
      "options": {
        "quiet": false,
        "reportFilename": "mochawesome",
        "saveHtml": false,
        "saveJson": true,
        "consoleReporter": "spec",
        "useInlineDiffs": false,
        "code": true
      },
      "version": "7.0.1"
    },
    "marge": {
      "options": {
        "id": "default",
        "reportDir": "cypress/reports/mocha",
        "quite": true,
        "overwrite": false,
        "html": false,
        "json": true
      },
      "version": "6.0.1"
    }
  }
}